<?xml version="1.0" encoding="UTF-8"?>
<coverage generated="1713708691225" clover="3.2.0">
  <project timestamp="1713708691225" name="All files">
    <metrics statements="8" coveredstatements="0" conditionals="0" coveredconditionals="0" methods="3" coveredmethods="0" elements="11" coveredelements="0" complexity="0" loc="8" ncloc="8" packages="1" files="2" classes="2"/>
    <file name="App.css" path="E:\HKII_2023-2024\Kien-Truc-Phan-Mem\ProjectCaNhan\github_action\frontend\src\App.css">
      <metrics statements="0" coveredstatements="0" conditionals="0" coveredconditionals="0" methods="0" coveredmethods="0"/>
    </file>
    <file name="App.js" path="E:\HKII_2023-2024\Kien-Truc-Phan-Mem\ProjectCaNhan\github_action\frontend\src\App.js">
      <metrics statements="8" coveredstatements="0" conditionals="0" coveredconditionals="0" methods="3" coveredmethods="0"/>
      <line num="6" count="0" type="stmt"/>
      <line num="8" count="0" type="stmt"/>
      <line num="9" count="0" type="stmt"/>
      <line num="13" count="0" type="stmt"/>
      <line num="14" count="0" type="stmt"/>
      <line num="16" count="0" type="stmt"/>
      <line num="17" count="0" type="stmt"/>
      <line num="19" count="0" type="stmt"/>
    </file>
  </project>
</coverage>
