{"E:\\HKII_2023-2024\\Kien-Truc-Phan-Mem\\ProjectCaNhan\\github_action\\frontend\\src\\App.css": {"path":"E:\\HKII_2023-2024\\Kien-Truc-Phan-Mem\\ProjectCaNhan\\github_action\\frontend\\src\\App.css","statementMap":{},"fnMap":{},"branchMap":{},"s":{},"f":{},"b":{},"inputSourceMap":null,"_coverageSchema":"1a1c01bbd47fc00a2c39e90264f33305004495a9","hash":"97f126d46fedb02ed9c8ed787c3557955f74d550"}
,"E:\\HKII_2023-2024\\Kien-Truc-Phan-Mem\\ProjectCaNhan\\github_action\\frontend\\src\\App.js": {"path":"E:\\HKII_2023-2024\\Kien-Truc-Phan-Mem\\ProjectCaNhan\\github_action\\frontend\\src\\App.js","statementMap":{"0":{"start":{"line":6,"column":34},"end":{"line":6,"column":46}},"1":{"start":{"line":8,"column":2},"end":{"line":11,"column":10}},"2":{"start":{"line":9,"column":4},"end":{"line":9,"column":15}},"3":{"start":{"line":13,"column":19},"end":{"line":18,"column":3}},"4":{"start":{"line":14,"column":21},"end":{"line":14,"column":46}},"5":{"start":{"line":16,"column":4},"end":{"line":16,"column":26}},"6":{"start":{"line":17,"column":4},"end":{"line":17,"column":31}},"7":{"start":{"line":19,"column":2},"end":{"line":25,"column":4}}},"fnMap":{"0":{"name":"App","decl":{"start":{"line":5,"column":9},"end":{"line":5,"column":12}},"loc":{"start":{"line":5,"column":15},"end":{"line":26,"column":1}},"line":5},"1":{"name":"(anonymous_1)","decl":{"start":{"line":8,"column":12},"end":{"line":8,"column":13}},"loc":{"start":{"line":8,"column":18},"end":{"line":10,"column":3}},"line":8},"2":{"name":"(anonymous_2)","decl":{"start":{"line":13,"column":19},"end":{"line":13,"column":20}},"loc":{"start":{"line":13,"column":31},"end":{"line":18,"column":3}},"line":13}},"branchMap":{},"s":{"0":0,"1":0,"2":0,"3":0,"4":0,"5":0,"6":0,"7":0},"f":{"0":0,"1":0,"2":0},"b":{},"_coverageSchema":"1a1c01bbd47fc00a2c39e90264f33305004495a9","hash":"6fb453b19ed4cd33f45162daae50fcf7e002c273"}
}
